<?xml version="1.0" encoding="UTF-8"?>
<!-- Generated by org.testng.reporters.JUnitReportReporter -->
<testsuite hostname="SPICITY1077" name="com.spi.testcases.Driver" tests="1" failures="0" timestamp="25 Apr 2016 11:58:34 GMT" time="31.766" errors="0">
  <testcase name="testMethod" time="31.766" classname="com.spi.testcases.Driver"/>
</testsuite> <!-- com.spi.testcases.Driver -->
