<?xml version="1.0" encoding="UTF-8"?>
<!-- Generated by org.testng.reporters.JUnitReportReporter -->
<testsuite hostname="SPICITY1077" name="com.spi.testcases.Executor" tests="1" failures="0" timestamp="20 Apr 2016 13:26:08 GMT" time="14.169" errors="0">
  <testcase name="run" time="14.169" classname="com.spi.testcases.Executor"/>
</testsuite> <!-- com.spi.testcases.Executor -->
