<?xml version="1.0" encoding="UTF-8"?>
<!-- Generated by org.testng.reporters.JUnitReportReporter -->
<testsuite hostname="spicity328" name="com.spi.testcase.SearchBusesTestCase" tests="1" failures="0" timestamp="15 Apr 2016 13:17:26 GMT" time="17.668" errors="0">
  <testcase name="testMethod" time="17.668" classname="com.spi.testcase.SearchBusesTestCase"/>
</testsuite> <!-- com.spi.testcase.SearchBusesTestCase -->
