<?xml version="1.0" encoding="UTF-8"?>
<!-- Generated by org.testng.reporters.JUnitReportReporter -->
<testsuite hostname="SPICITY1077" name="com.spi.testclasses.Driver" tests="3" failures="0" timestamp="20 Apr 2016 05:28:40 GMT" time="4.081" errors="0">
  <testcase name="testMethod" time="3.872" classname="com.spi.testclasses.Driver"/>
  <testcase name="testMethod" time="0.115" classname="com.spi.testclasses.Driver"/>
  <testcase name="testMethod" time="0.094" classname="com.spi.testclasses.Driver"/>
</testsuite> <!-- com.spi.testclasses.Driver -->
