<?xml version="1.0" encoding="UTF-8"?>
<!-- Generated by org.testng.reporters.JUnitReportReporter -->
<testsuite hostname="SPICITY874" name="com.spi.TC2" tests="1" failures="0" timestamp="4 Mar 2016 10:04:03 GMT" time="9.008" errors="0">
  <testcase name="M3" time="9.008" classname="com.spi.TC2"/>
</testsuite> <!-- com.spi.TC2 -->
