<?xml version="1.0" encoding="UTF-8"?>
<!-- Generated by org.testng.reporters.JUnitReportReporter -->
<testsuite hostname="SPICITY1077" name="com.spi.test.DriverOther" tests="2" failures="0" timestamp="27 Apr 2016 06:25:25 GMT" time="43.006" errors="0">
  <testcase name="testMethod" time="33.552" classname="com.spi.test.DriverOther"/>
  <testcase name="testMethod" time="9.454" classname="com.spi.test.DriverOther"/>
</testsuite> <!-- com.spi.test.DriverOther -->
