<?xml version="1.0" encoding="UTF-8"?>
<!-- Generated by org.testng.reporters.JUnitReportReporter -->
<testsuite hostname="SPICITY1077" name="com.spi.practicepakage.PageHome" tests="2" failures="0" timestamp="25 Apr 2016 09:47:11 GMT" time="0.296" errors="0">
  <testcase name="testMethod" time="0.234" classname="com.spi.practicepakage.PageHome"/>
  <testcase name="testMethod" time="0.062" classname="com.spi.practicepakage.PageHome"/>
</testsuite> <!-- com.spi.practicepakage.PageHome -->
