<?xml version="1.0" encoding="UTF-8"?>
<!-- Generated by org.testng.reporters.JUnitReportReporter -->
<testsuite hostname="SPICITY1077" name="com.spi.basics.TestNGSimpleTest" tests="1" failures="0" timestamp="29 Apr 2016 10:43:45 GMT" time="0.016" errors="0">
  <testcase name="testAdd" time="0.016" classname="com.spi.basics.TestNGSimpleTest"/>
</testsuite> <!-- com.spi.basics.TestNGSimpleTest -->
