<?xml version="1.0" encoding="UTF-8"?>
<!-- Generated by org.testng.reporters.JUnitReportReporter -->
<testsuite hostname="SPICITY1077" name="com.practice.seleniumgrid.TestNGClass" tests="3" failures="0" timestamp="13 Jul 2016 04:29:55 GMT" time="13.448" errors="1">
  <testcase name="calculatepercent" time="7.146" classname="com.practice.seleniumgrid.TestNGClass"/>
  <testcase name="calculatepercent" time="6.301" classname="com.practice.seleniumgrid.TestNGClass"/>
  <testcase name="calculatepercent" time="0.001" classname="com.practice.seleniumgrid.TestNGClass">
    <error type="java.lang.NullPointerException">
      <![CDATA[java.lang.NullPointerException
	at org.monte.screenrecorder.ScreenRecorder.createMovieWriter(ScreenRecorder.java:382)
	at org.monte.screenrecorder.ScreenRecorder.start(ScreenRecorder.java:489)
	at com.spi.screenRecorder.VideoRecord.startRecording(VideoRecord.java:55)
	at com.practice.seleniumgrid.TestNGClass.launchapp(TestNGClass.java:33)
	at sun.reflect.NativeMethodAccessorImpl.invoke0(Native Method)
	at sun.reflect.NativeMethodAccessorImpl.invoke(Unknown Source)
	at sun.reflect.DelegatingMethodAccessorImpl.invoke(Unknown Source)
	at java.lang.reflect.Method.invoke(Unknown Source)
	at org.testng.internal.MethodInvocationHelper.invokeMethod(MethodInvocationHelper.java:85)
	at org.testng.internal.Invoker.invokeConfigurationMethod(Invoker.java:510)
	at org.testng.internal.Invoker.invokeConfigurations(Invoker.java:211)
	at org.testng.internal.Invoker.invokeConfigurations(Invoker.java:138)
	at org.testng.TestRunner.beforeRun(TestRunner.java:648)
	at org.testng.TestRunner.run(TestRunner.java:616)
	at org.testng.SuiteRunner.runTest(SuiteRunner.java:359)
	at org.testng.SuiteRunner.access$000(SuiteRunner.java:39)
	at org.testng.SuiteRunner$SuiteWorker.run(SuiteRunner.java:393)
	at org.testng.internal.thread.ThreadUtil$2.call(ThreadUtil.java:64)
	at java.util.concurrent.FutureTask.run(Unknown Source)
	at java.util.concurrent.ThreadPoolExecutor.runWorker(Unknown Source)
	at java.util.concurrent.ThreadPoolExecutor$Worker.run(Unknown Source)
	at java.lang.Thread.run(Unknown Source)
]]>
    </error>
  </testcase> <!-- calculatepercent -->
</testsuite> <!-- com.practice.seleniumgrid.TestNGClass -->
